  Level.cpp
  Tank.cpp
C:\Users\Matth\Documents\UNI WORK\Actual Year 2\CGP\FinalCGP\CGP ASSESSMENT Matthew Brake\Tank.cpp(90,38): warning C4244: 'argument': conversion from 'int' to 'float', possible loss of data
C:\Users\Matth\Documents\UNI WORK\Actual Year 2\CGP\FinalCGP\CGP ASSESSMENT Matthew Brake\Tank.cpp(90,30): warning C4244: 'argument': conversion from 'int' to 'float', possible loss of data
C:\Users\Matth\Documents\UNI WORK\Actual Year 2\CGP\FinalCGP\CGP ASSESSMENT Matthew Brake\Tank.cpp(91,47): warning C4244: '=': conversion from 'double' to 'float', possible loss of data
C:\Users\Matth\Documents\UNI WORK\Actual Year 2\CGP\FinalCGP\CGP ASSESSMENT Matthew Brake\Tank.cpp(99,8): warning C4244: 'initializing': conversion from 'float' to 'int', possible loss of data
C:\Users\Matth\Documents\UNI WORK\Actual Year 2\CGP\FinalCGP\CGP ASSESSMENT Matthew Brake\Tank.cpp(100,8): warning C4244: 'initializing': conversion from 'float' to 'int', possible loss of data
C:\Users\Matth\Documents\UNI WORK\Actual Year 2\CGP\FinalCGP\CGP ASSESSMENT Matthew Brake\Tank.cpp(101,22): warning C4838: conversion from 'float' to 'int' requires a narrowing conversion
C:\Users\Matth\Documents\UNI WORK\Actual Year 2\CGP\FinalCGP\CGP ASSESSMENT Matthew Brake\Tank.cpp(101,22): warning C4244: 'initializing': conversion from 'float' to 'int', possible loss of data
C:\Users\Matth\Documents\UNI WORK\Actual Year 2\CGP\FinalCGP\CGP ASSESSMENT Matthew Brake\Tank.cpp(101,35): warning C4838: conversion from 'float' to 'int' requires a narrowing conversion
C:\Users\Matth\Documents\UNI WORK\Actual Year 2\CGP\FinalCGP\CGP ASSESSMENT Matthew Brake\Tank.cpp(101,35): warning C4244: 'initializing': conversion from 'float' to 'int', possible loss of data
C:\Users\Matth\Documents\UNI WORK\Actual Year 2\CGP\FinalCGP\CGP ASSESSMENT Matthew Brake\Tank.cpp(101,50): warning C4838: conversion from 'float' to 'int' requires a narrowing conversion
C:\Users\Matth\Documents\UNI WORK\Actual Year 2\CGP\FinalCGP\CGP ASSESSMENT Matthew Brake\Tank.cpp(101,50): warning C4244: 'initializing': conversion from 'float' to 'int', possible loss of data
C:\Users\Matth\Documents\UNI WORK\Actual Year 2\CGP\FinalCGP\CGP ASSESSMENT Matthew Brake\Tank.cpp(101,58): warning C4838: conversion from 'double' to 'int' requires a narrowing conversion
C:\Users\Matth\Documents\UNI WORK\Actual Year 2\CGP\FinalCGP\CGP ASSESSMENT Matthew Brake\Tank.cpp(101,58): warning C4244: 'initializing': conversion from 'double' to 'int', possible loss of data
C:\Users\Matth\Documents\UNI WORK\Actual Year 2\CGP\FinalCGP\CGP ASSESSMENT Matthew Brake\Tank.cpp(131,10): warning C4244: '=': conversion from 'int' to 'float', possible loss of data
C:\Users\Matth\Documents\UNI WORK\Actual Year 2\CGP\FinalCGP\CGP ASSESSMENT Matthew Brake\Tank.cpp(132,10): warning C4244: '=': conversion from 'int' to 'float', possible loss of data
C:\Users\Matth\Documents\UNI WORK\Actual Year 2\CGP\FinalCGP\CGP ASSESSMENT Matthew Brake\Tank.cpp(137,10): warning C4244: '=': conversion from 'int' to 'float', possible loss of data
C:\Users\Matth\Documents\UNI WORK\Actual Year 2\CGP\FinalCGP\CGP ASSESSMENT Matthew Brake\Tank.cpp(138,10): warning C4244: '=': conversion from 'int' to 'float', possible loss of data
C:\Users\Matth\Documents\UNI WORK\Actual Year 2\CGP\FinalCGP\CGP ASSESSMENT Matthew Brake\Tank.cpp(143,18): warning C4244: '=': conversion from 'int' to 'float', possible loss of data
C:\Users\Matth\Documents\UNI WORK\Actual Year 2\CGP\FinalCGP\CGP ASSESSMENT Matthew Brake\Tank.cpp(144,18): warning C4244: '=': conversion from 'int' to 'float', possible loss of data
C:\Users\Matth\Documents\UNI WORK\Actual Year 2\CGP\FinalCGP\CGP ASSESSMENT Matthew Brake\Tank.cpp(198,9): warning C4244: 'return': conversion from 'float' to 'int', possible loss of data
  main.cpp
C:\Users\Matth\Documents\UNI WORK\Actual Year 2\CGP\FinalCGP\CGP ASSESSMENT Matthew Brake\main.cpp(423,32): warning C4244: '=': conversion from 'double' to 'float', possible loss of data
C:\Users\Matth\Documents\UNI WORK\Actual Year 2\CGP\FinalCGP\CGP ASSESSMENT Matthew Brake\main.cpp(424,32): warning C4244: '=': conversion from 'double' to 'float', possible loss of data
C:\Users\Matth\Documents\UNI WORK\Actual Year 2\CGP\FinalCGP\CGP ASSESSMENT Matthew Brake\main.cpp(279,18): warning C4101: 'MagicHeight': unreferenced local variable
C:\Users\Matth\Documents\UNI WORK\Actual Year 2\CGP\FinalCGP\CGP ASSESSMENT Matthew Brake\main.cpp(279,6): warning C4101: 'MagicWidth': unreferenced local variable
  Generating Code...
  CGP ASSESSMENT Matthew Brake.vcxproj -> C:\Users\Matth\Documents\UNI WORK\Actual Year 2\CGP\FinalCGP\CGP ASSESSMENT Matthew Brake\x64\Debug\CGP ASSESSMENT Matthew Brake.exe
